# JRE version: OpenJDK Runtime Environment (21.0.7) (build 21.0.7+-13880790-b1038.58)
# Java VM: OpenJDK 64-Bit Server VM (21.0.7+-13880790-b1038.58, mixed mode, tiered, compressed oops, compressed class ptrs, g1 gc, windows-amd64)
GC Precious Log:
 CardTable entry size: 512
 Card Set container configuration: InlinePtr #cards 4 size 8 Array Of Cards #cards 32 size 80 Howl #buckets 8 coarsen threshold 7372 Howl Bitmap #cards 1024 size 144 coarsen threshold 921 Card regions per heap region 1 cards per card region 8192
 CPUs: 4 total, 4 available
 Memory: 7926M
 Large Page Support: Disabled
 NUMA Support: Disabled
 Compressed Oops: Enabled (Zero based)
 Heap Region Size: 4M
 Heap Min Capacity: 8M
 Heap Initial Capacity: 124M
 Heap Max Capacity: 8G
 Pre-touch: Disabled
 Parallel Workers: 4
 Concurrent Workers: 1
 Concurrent Refinement Workers: 4
 Periodic GC: Disabled
Heap:
 garbage-first heap   total 212992K, used 152549K [0x0000000600000000, 0x0000000800000000)
  region size 4096K, 9 young (36864K), 3 survivors (12288K)
 Metaspace       used 123900K, committed 126272K, reserved 1179648K
  class space    used 17240K, committed 18432K, reserved 1048576K
GC Heap History (20 events):
Event: 235.772 GC heap before
{Heap before GC invocations=41 (full 0):
 garbage-first heap   total 172032K, used 136903K [0x0000000600000000, 0x0000000800000000)
  region size 4096K, 11 young (45056K), 1 survivors (4096K)
 Metaspace       used 98964K, committed 100992K, reserved 1179648K
  class space    used 13772K, committed 14784K, reserved 1048576K
}
Event: 235.781 GC heap after
{Heap after GC invocations=42 (full 0):
 garbage-first heap   total 172032K, used 103688K [0x0000000600000000, 0x0000000800000000)
  region size 4096K, 2 young (8192K), 2 survivors (8192K)
 Metaspace       used 98964K, committed 100992K, reserved 1179648K
  class space    used 13772K, committed 14784K, reserved 1048576K
}
Event: 238.769 GC heap before
{Heap before GC invocations=42 (full 0):
 garbage-first heap   total 172032K, used 144648K [0x0000000600000000, 0x0000000800000000)
  region size 4096K, 12 young (49152K), 2 survivors (8192K)
 Metaspace       used 102147K, committed 104256K, reserved 1179648K
  class space    used 14168K, committed 15232K, reserved 1048576K
}
Event: 238.776 GC heap after
{Heap after GC invocations=43 (full 0):
 garbage-first heap   total 172032K, used 106484K [0x0000000600000000, 0x0000000800000000)
  region size 4096K, 1 young (4096K), 1 survivors (4096K)
 Metaspace       used 102147K, committed 104256K, reserved 1179648K
  class space    used 14168K, committed 15232K, reserved 1048576K
}
Event: 241.625 GC heap before
{Heap before GC invocations=44 (full 0):
 garbage-first heap   total 184320K, used 147444K [0x0000000600000000, 0x0000000800000000)
  region size 4096K, 11 young (45056K), 1 survivors (4096K)
 Metaspace       used 105557K, committed 107648K, reserved 1179648K
  class space    used 14639K, committed 15680K, reserved 1048576K
}
Event: 241.629 GC heap after
{Heap after GC invocations=45 (full 0):
 garbage-first heap   total 184320K, used 107239K [0x0000000600000000, 0x0000000800000000)
  region size 4096K, 1 young (4096K), 1 survivors (4096K)
 Metaspace       used 105557K, committed 107648K, reserved 1179648K
  class space    used 14639K, committed 15680K, reserved 1048576K
}
Event: 244.770 GC heap before
{Heap before GC invocations=45 (full 0):
 garbage-first heap   total 184320K, used 160487K [0x0000000600000000, 0x0000000800000000)
  region size 4096K, 14 young (57344K), 1 survivors (4096K)
 Metaspace       used 107778K, committed 109888K, reserved 1179648K
  class space    used 14977K, committed 16000K, reserved 1048576K
}
Event: 244.785 GC heap after
{Heap after GC invocations=46 (full 0):
 garbage-first heap   total 184320K, used 112131K [0x0000000600000000, 0x0000000800000000)
  region size 4096K, 2 young (8192K), 2 survivors (8192K)
 Metaspace       used 107778K, committed 109888K, reserved 1179648K
  class space    used 14977K, committed 16000K, reserved 1048576K
}
Event: 247.784 GC heap before
{Heap before GC invocations=46 (full 0):
 garbage-first heap   total 184320K, used 161283K [0x0000000600000000, 0x0000000800000000)
  region size 4096K, 14 young (57344K), 2 survivors (8192K)
 Metaspace       used 110692K, committed 112832K, reserved 1179648K
  class space    used 15393K, committed 16448K, reserved 1048576K
}
Event: 247.796 GC heap after
{Heap after GC invocations=47 (full 0):
 garbage-first heap   total 184320K, used 115526K [0x0000000600000000, 0x0000000800000000)
  region size 4096K, 1 young (4096K), 1 survivors (4096K)
 Metaspace       used 110692K, committed 112832K, reserved 1179648K
  class space    used 15393K, committed 16448K, reserved 1048576K
}
Event: 250.255 GC heap before
{Heap before GC invocations=48 (full 0):
 garbage-first heap   total 200704K, used 164678K [0x0000000600000000, 0x0000000800000000)
  region size 4096K, 13 young (53248K), 1 survivors (4096K)
 Metaspace       used 114568K, committed 116800K, reserved 1179648K
  class space    used 16082K, committed 17152K, reserved 1048576K
}
Event: 250.262 GC heap after
{Heap after GC invocations=49 (full 0):
 garbage-first heap   total 200704K, used 116773K [0x0000000600000000, 0x0000000800000000)
  region size 4096K, 2 young (8192K), 2 survivors (8192K)
 Metaspace       used 114568K, committed 116800K, reserved 1179648K
  class space    used 16082K, committed 17152K, reserved 1048576K
}
Event: 252.738 GC heap before
{Heap before GC invocations=49 (full 0):
 garbage-first heap   total 200704K, used 174117K [0x0000000600000000, 0x0000000800000000)
  region size 4096K, 16 young (65536K), 2 survivors (8192K)
 Metaspace       used 118559K, committed 120832K, reserved 1179648K
  class space    used 16616K, committed 17792K, reserved 1048576K
}
Event: 252.750 GC heap after
{Heap after GC invocations=50 (full 0):
 garbage-first heap   total 200704K, used 116848K [0x0000000600000000, 0x0000000800000000)
  region size 4096K, 1 young (4096K), 1 survivors (4096K)
 Metaspace       used 118559K, committed 120832K, reserved 1179648K
  class space    used 16616K, committed 17792K, reserved 1048576K
}
Event: 259.726 GC heap before
{Heap before GC invocations=50 (full 0):
 garbage-first heap   total 200704K, used 178288K [0x0000000600000000, 0x0000000800000000)
  region size 4096K, 17 young (69632K), 1 survivors (4096K)
 Metaspace       used 121942K, committed 124288K, reserved 1179648K
  class space    used 16962K, committed 18112K, reserved 1048576K
}
Event: 259.738 GC heap after
{Heap after GC invocations=51 (full 0):
 garbage-first heap   total 200704K, used 122963K [0x0000000600000000, 0x0000000800000000)
  region size 4096K, 3 young (12288K), 3 survivors (12288K)
 Metaspace       used 121942K, committed 124288K, reserved 1179648K
  class space    used 16962K, committed 18112K, reserved 1048576K
}
Event: 262.611 GC heap before
{Heap before GC invocations=52 (full 0):
 garbage-first heap   total 212992K, used 168019K [0x0000000600000000, 0x0000000800000000)
  region size 4096K, 14 young (57344K), 3 survivors (12288K)
 Metaspace       used 121958K, committed 124288K, reserved 1179648K
  class space    used 16963K, committed 18112K, reserved 1048576K
}
Event: 262.623 GC heap after
{Heap after GC invocations=53 (full 0):
 garbage-first heap   total 212992K, used 126127K [0x0000000600000000, 0x0000000800000000)
  region size 4096K, 1 young (4096K), 1 survivors (4096K)
 Metaspace       used 121958K, committed 124288K, reserved 1179648K
  class space    used 16963K, committed 18112K, reserved 1048576K
}
Event: 280.271 GC heap before
{Heap before GC invocations=53 (full 0):
 garbage-first heap   total 212992K, used 187567K [0x0000000600000000, 0x0000000800000000)
  region size 4096K, 17 young (69632K), 1 survivors (4096K)
 Metaspace       used 123637K, committed 125952K, reserved 1179648K
  class space    used 17186K, committed 18368K, reserved 1048576K
}
Event: 280.284 GC heap after
{Heap after GC invocations=54 (full 0):
 garbage-first heap   total 212992K, used 132069K [0x0000000600000000, 0x0000000800000000)
  region size 4096K, 3 young (12288K), 3 survivors (12288K)
 Metaspace       used 123637K, committed 125952K, reserved 1179648K
  class space    used 17186K, committed 18368K, reserved 1048576K
}

