# JRE version: OpenJDK Runtime Environment (21.0.7) (build 21.0.7+-13880790-b1038.58)
# Java VM: OpenJDK 64-Bit Server VM (21.0.7+-13880790-b1038.58, mixed mode, tiered, compressed oops, compressed class ptrs, g1 gc, windows-amd64)
GC Precious Log:
 CardTable entry size: 512
 Card Set container configuration: InlinePtr #cards 4 size 8 Array Of Cards #cards 32 size 80 Howl #buckets 8 coarsen threshold 7372 Howl Bitmap #cards 1024 size 144 coarsen threshold 921 Card regions per heap region 1 cards per card region 8192
 CPUs: 4 total, 4 available
 Memory: 7926M
 Large Page Support: Disabled
 NUMA Support: Disabled
 Compressed Oops: Enabled (Zero based)
 Heap Region Size: 4M
 Heap Min Capacity: 8M
 Heap Initial Capacity: 124M
 Heap Max Capacity: 8G
 Pre-touch: Disabled
 Parallel Workers: 4
 Concurrent Workers: 1
 Concurrent Refinement Workers: 4
 Periodic GC: Disabled
Heap:
 garbage-first heap   total 106496K, used 55664K [0x0000000600000000, 0x0000000800000000)
  region size 4096K, 9 young (36864K), 1 survivors (4096K)
 Metaspace       used 42391K, committed 43264K, reserved 1114112K
  class space    used 5586K, committed 6016K, reserved 1048576K
GC Heap History (14 events):
Event: 0.799 GC heap before
{Heap before GC invocations=0 (full 0):
 garbage-first heap   total 126976K, used 4096K [0x0000000600000000, 0x0000000800000000)
  region size 4096K, 2 young (8192K), 0 survivors (0K)
 Metaspace       used 7456K, committed 7552K, reserved 1114112K
  class space    used 687K, committed 768K, reserved 1048576K
}
Event: 0.802 GC heap after
{Heap after GC invocations=1 (full 0):
 garbage-first heap   total 126976K, used 1158K [0x0000000600000000, 0x0000000800000000)
  region size 4096K, 1 young (4096K), 1 survivors (4096K)
 Metaspace       used 7456K, committed 7552K, reserved 1114112K
  class space    used 687K, committed 768K, reserved 1048576K
}
Event: 1.808 GC heap before
{Heap before GC invocations=1 (full 0):
 garbage-first heap   total 126976K, used 17542K [0x0000000600000000, 0x0000000800000000)
  region size 4096K, 5 young (20480K), 1 survivors (4096K)
 Metaspace       used 8123K, committed 8256K, reserved 1114112K
  class space    used 731K, committed 768K, reserved 1048576K
}
Event: 1.814 GC heap after
{Heap after GC invocations=2 (full 0):
 garbage-first heap   total 126976K, used 4144K [0x0000000600000000, 0x0000000800000000)
  region size 4096K, 1 young (4096K), 1 survivors (4096K)
 Metaspace       used 8123K, committed 8256K, reserved 1114112K
  class space    used 731K, committed 768K, reserved 1048576K
}
Event: 9.889 GC heap before
{Heap before GC invocations=2 (full 0):
 garbage-first heap   total 126976K, used 73776K [0x0000000600000000, 0x0000000800000000)
  region size 4096K, 18 young (73728K), 1 survivors (4096K)
 Metaspace       used 12397K, committed 12608K, reserved 1114112K
  class space    used 1320K, committed 1408K, reserved 1048576K
}
Event: 9.914 GC heap after
{Heap after GC invocations=3 (full 0):
 garbage-first heap   total 126976K, used 16832K [0x0000000600000000, 0x0000000800000000)
  region size 4096K, 3 young (12288K), 3 survivors (12288K)
 Metaspace       used 12397K, committed 12608K, reserved 1114112K
  class space    used 1320K, committed 1408K, reserved 1048576K
}
Event: 14.467 GC heap before
{Heap before GC invocations=3 (full 0):
 garbage-first heap   total 126976K, used 49600K [0x0000000600000000, 0x0000000800000000)
  region size 4096K, 12 young (49152K), 3 survivors (12288K)
 Metaspace       used 21212K, committed 21504K, reserved 1114112K
  class space    used 2497K, committed 2624K, reserved 1048576K
}
Event: 14.492 GC heap after
{Heap after GC invocations=4 (full 0):
 garbage-first heap   total 126976K, used 20932K [0x0000000600000000, 0x0000000800000000)
  region size 4096K, 2 young (8192K), 2 survivors (8192K)
 Metaspace       used 21212K, committed 21504K, reserved 1114112K
  class space    used 2497K, committed 2624K, reserved 1048576K
}
Event: 23.313 GC heap before
{Heap before GC invocations=5 (full 0):
 garbage-first heap   total 98304K, used 86468K [0x0000000600000000, 0x0000000800000000)
  region size 4096K, 18 young (73728K), 2 survivors (8192K)
 Metaspace       used 31356K, committed 32000K, reserved 1114112K
  class space    used 4130K, committed 4416K, reserved 1048576K
}
Event: 23.333 GC heap after
{Heap after GC invocations=6 (full 0):
 garbage-first heap   total 106496K, used 24929K [0x0000000600000000, 0x0000000800000000)
  region size 4096K, 3 young (12288K), 3 survivors (12288K)
 Metaspace       used 31356K, committed 32000K, reserved 1114112K
  class space    used 4130K, committed 4416K, reserved 1048576K
}
Event: 25.340 GC heap before
{Heap before GC invocations=6 (full 0):
 garbage-first heap   total 106496K, used 49505K [0x0000000600000000, 0x0000000800000000)
  region size 4096K, 10 young (40960K), 3 survivors (12288K)
 Metaspace       used 35187K, committed 35968K, reserved 1114112K
  class space    used 4743K, committed 5120K, reserved 1048576K
}
Event: 25.358 GC heap after
{Heap after GC invocations=7 (full 0):
 garbage-first heap   total 106496K, used 26640K [0x0000000600000000, 0x0000000800000000)
  region size 4096K, 2 young (8192K), 2 survivors (8192K)
 Metaspace       used 35187K, committed 35968K, reserved 1114112K
  class space    used 4743K, committed 5120K, reserved 1048576K
}
Event: 25.592 GC heap before
{Heap before GC invocations=7 (full 0):
 garbage-first heap   total 106496K, used 26640K [0x0000000600000000, 0x0000000800000000)
  region size 4096K, 3 young (12288K), 2 survivors (8192K)
 Metaspace       used 35503K, committed 36288K, reserved 1114112K
  class space    used 4797K, committed 5184K, reserved 1048576K
}
Event: 25.604 GC heap after
{Heap after GC invocations=8 (full 0):
 garbage-first heap   total 106496K, used 26992K [0x0000000600000000, 0x0000000800000000)
  region size 4096K, 1 young (4096K), 1 survivors (4096K)
 Metaspace       used 35503K, committed 36288K, reserved 1114112K
  class space    used 4797K, committed 5184K, reserved 1048576K
}

