# JRE version: OpenJDK Runtime Environment (21.0.7) (build 21.0.7+-13880790-b1038.58)
# Java VM: OpenJDK 64-Bit Server VM (21.0.7+-13880790-b1038.58, mixed mode, tiered, compressed oops, compressed class ptrs, g1 gc, windows-amd64)
GC Precious Log:
 CardTable entry size: 512
 Card Set container configuration: InlinePtr #cards 4 size 8 Array Of Cards #cards 32 size 80 Howl #buckets 8 coarsen threshold 7372 Howl Bitmap #cards 1024 size 144 coarsen threshold 921 Card regions per heap region 1 cards per card region 8192
 CPUs: 4 total, 4 available
 Memory: 7926M
 Large Page Support: Disabled
 NUMA Support: Disabled
 Compressed Oops: Enabled (Zero based)
 Heap Region Size: 4M
 Heap Min Capacity: 8M
 Heap Initial Capacity: 124M
 Heap Max Capacity: 8G
 Pre-touch: Disabled
 Parallel Workers: 4
 Concurrent Workers: 1
 Concurrent Refinement Workers: 4
 Periodic GC: Disabled
Heap:
 garbage-first heap   total 110592K, used 88446K [0x0000000600000000, 0x0000000800000000)
  region size 4096K, 7 young (28672K), 1 survivors (4096K)
 Metaspace       used 82664K, committed 84608K, reserved 1179648K
  class space    used 11623K, committed 12608K, reserved 1048576K
GC Heap History (20 events):
Event: 24.151 GC heap before
{Heap before GC invocations=17 (full 0):
 garbage-first heap   total 90112K, used 60520K [0x0000000600000000, 0x0000000800000000)
  region size 4096K, 7 young (28672K), 1 survivors (4096K)
 Metaspace       used 65003K, committed 66752K, reserved 1114112K
  class space    used 9153K, committed 9984K, reserved 1048576K
}
Event: 24.156 GC heap after
{Heap after GC invocations=18 (full 0):
 garbage-first heap   total 90112K, used 48169K [0x0000000600000000, 0x0000000800000000)
  region size 4096K, 1 young (4096K), 1 survivors (4096K)
 Metaspace       used 65003K, committed 66752K, reserved 1114112K
  class space    used 9153K, committed 9984K, reserved 1048576K
}
Event: 24.779 GC heap before
{Heap before GC invocations=19 (full 0):
 garbage-first heap   total 90112K, used 80937K [0x0000000600000000, 0x0000000800000000)
  region size 4096K, 8 young (32768K), 1 survivors (4096K)
 Metaspace       used 68199K, committed 69952K, reserved 1114112K
  class space    used 9595K, committed 10432K, reserved 1048576K
}
Event: 24.782 GC heap after
{Heap after GC invocations=20 (full 0):
 garbage-first heap   total 90112K, used 53626K [0x0000000600000000, 0x0000000800000000)
  region size 4096K, 1 young (4096K), 1 survivors (4096K)
 Metaspace       used 68199K, committed 69952K, reserved 1114112K
  class space    used 9595K, committed 10432K, reserved 1048576K
}
Event: 25.783 GC heap before
{Heap before GC invocations=20 (full 0):
 garbage-first heap   total 90112K, used 74106K [0x0000000600000000, 0x0000000800000000)
  region size 4096K, 6 young (24576K), 1 survivors (4096K)
 Metaspace       used 71197K, committed 73024K, reserved 1114112K
  class space    used 9974K, committed 10880K, reserved 1048576K
}
Event: 25.790 GC heap after
{Heap after GC invocations=21 (full 0):
 garbage-first heap   total 90112K, used 54171K [0x0000000600000000, 0x0000000800000000)
  region size 4096K, 1 young (4096K), 1 survivors (4096K)
 Metaspace       used 71197K, committed 73024K, reserved 1114112K
  class space    used 9974K, committed 10880K, reserved 1048576K
}
Event: 26.173 GC heap before
{Heap before GC invocations=21 (full 0):
 garbage-first heap   total 90112K, used 74651K [0x0000000600000000, 0x0000000800000000)
  region size 4096K, 6 young (24576K), 1 survivors (4096K)
 Metaspace       used 72785K, committed 74624K, reserved 1114112K
  class space    used 10234K, committed 11136K, reserved 1048576K
}
Event: 26.177 GC heap after
{Heap after GC invocations=22 (full 0):
 garbage-first heap   total 90112K, used 54683K [0x0000000600000000, 0x0000000800000000)
  region size 4096K, 1 young (4096K), 1 survivors (4096K)
 Metaspace       used 72785K, committed 74624K, reserved 1114112K
  class space    used 10234K, committed 11136K, reserved 1048576K
}
Event: 26.578 GC heap before
{Heap before GC invocations=23 (full 0):
 garbage-first heap   total 98304K, used 75163K [0x0000000600000000, 0x0000000800000000)
  region size 4096K, 6 young (24576K), 1 survivors (4096K)
 Metaspace       used 74358K, committed 76224K, reserved 1114112K
  class space    used 10430K, committed 11392K, reserved 1048576K
}
Event: 26.581 GC heap after
{Heap after GC invocations=24 (full 0):
 garbage-first heap   total 98304K, used 55835K [0x0000000600000000, 0x0000000800000000)
  region size 4096K, 1 young (4096K), 1 survivors (4096K)
 Metaspace       used 74358K, committed 76224K, reserved 1114112K
  class space    used 10430K, committed 11392K, reserved 1048576K
}
Event: 27.109 GC heap before
{Heap before GC invocations=24 (full 0):
 garbage-first heap   total 98304K, used 88603K [0x0000000600000000, 0x0000000800000000)
  region size 4096K, 8 young (32768K), 1 survivors (4096K)
 Metaspace       used 76235K, committed 78080K, reserved 1179648K
  class space    used 10716K, committed 11648K, reserved 1048576K
}
Event: 27.115 GC heap after
{Heap after GC invocations=25 (full 0):
 garbage-first heap   total 98304K, used 60179K [0x0000000600000000, 0x0000000800000000)
  region size 4096K, 1 young (4096K), 1 survivors (4096K)
 Metaspace       used 76235K, committed 78080K, reserved 1179648K
  class space    used 10716K, committed 11648K, reserved 1048576K
}
Event: 27.733 GC heap before
{Heap before GC invocations=25 (full 0):
 garbage-first heap   total 98304K, used 84755K [0x0000000600000000, 0x0000000800000000)
  region size 4096K, 7 young (28672K), 1 survivors (4096K)
 Metaspace       used 78058K, committed 79872K, reserved 1179648K
  class space    used 10975K, committed 11904K, reserved 1048576K
}
Event: 27.739 GC heap after
{Heap after GC invocations=26 (full 0):
 garbage-first heap   total 98304K, used 61335K [0x0000000600000000, 0x0000000800000000)
  region size 4096K, 1 young (4096K), 1 survivors (4096K)
 Metaspace       used 78058K, committed 79872K, reserved 1179648K
  class space    used 10975K, committed 11904K, reserved 1048576K
}
Event: 29.159 GC heap before
{Heap before GC invocations=27 (full 0):
 garbage-first heap   total 110592K, used 81815K [0x0000000600000000, 0x0000000800000000)
  region size 4096K, 6 young (24576K), 1 survivors (4096K)
 Metaspace       used 79039K, committed 80896K, reserved 1179648K
  class space    used 11113K, committed 12032K, reserved 1048576K
}
Event: 29.164 GC heap after
{Heap after GC invocations=28 (full 0):
 garbage-first heap   total 110592K, used 63903K [0x0000000600000000, 0x0000000800000000)
  region size 4096K, 1 young (4096K), 1 survivors (4096K)
 Metaspace       used 79039K, committed 80896K, reserved 1179648K
  class space    used 11113K, committed 12032K, reserved 1048576K
}
Event: 91.417 GC heap before
{Heap before GC invocations=28 (full 0):
 garbage-first heap   total 110592K, used 96671K [0x0000000600000000, 0x0000000800000000)
  region size 4096K, 9 young (36864K), 1 survivors (4096K)
 Metaspace       used 81405K, committed 83264K, reserved 1179648K
  class space    used 11475K, committed 12416K, reserved 1048576K
}
Event: 91.433 GC heap after
{Heap after GC invocations=29 (full 0):
 garbage-first heap   total 110592K, used 65709K [0x0000000600000000, 0x0000000800000000)
  region size 4096K, 2 young (8192K), 2 survivors (8192K)
 Metaspace       used 81405K, committed 83264K, reserved 1179648K
  class space    used 11475K, committed 12416K, reserved 1048576K
}
Event: 156.019 GC heap before
{Heap before GC invocations=29 (full 0):
 garbage-first heap   total 110592K, used 90285K [0x0000000600000000, 0x0000000800000000)
  region size 4096K, 8 young (32768K), 2 survivors (8192K)
 Metaspace       used 82629K, committed 84544K, reserved 1179648K
  class space    used 11622K, committed 12608K, reserved 1048576K
}
Event: 156.066 GC heap after
{Heap after GC invocations=30 (full 0):
 garbage-first heap   total 110592K, used 67966K [0x0000000600000000, 0x0000000800000000)
  region size 4096K, 1 young (4096K), 1 survivors (4096K)
 Metaspace       used 82629K, committed 84544K, reserved 1179648K
  class space    used 11622K, committed 12608K, reserved 1048576K
}

